  CircuitManager.cpp
  Logisim.cpp
D:\Cpp\Projects\Logisim\Logisim\src\Logisim.cpp(13,90): warning C4244: 'argument': conversion from 'unsigned int' to 'T', possible loss of data
D:\Cpp\Projects\Logisim\Logisim\src\Logisim.cpp(13,90): warning C4244:         with
D:\Cpp\Projects\Logisim\Logisim\src\Logisim.cpp(13,90): warning C4244:         [
D:\Cpp\Projects\Logisim\Logisim\src\Logisim.cpp(13,90): warning C4244:             T=float
D:\Cpp\Projects\Logisim\Logisim\src\Logisim.cpp(13,90): warning C4244:         ]
D:\Cpp\Projects\Logisim\Logisim\src\Logisim.cpp(13,58): warning C4244: 'argument': conversion from 'unsigned int' to 'T', possible loss of data
D:\Cpp\Projects\Logisim\Logisim\src\Logisim.cpp(13,58): warning C4244:         with
D:\Cpp\Projects\Logisim\Logisim\src\Logisim.cpp(13,58): warning C4244:         [
D:\Cpp\Projects\Logisim\Logisim\src\Logisim.cpp(13,58): warning C4244:             T=float
D:\Cpp\Projects\Logisim\Logisim\src\Logisim.cpp(13,58): warning C4244:         ]
  Main.cpp
  Button.cpp
D:\Cpp\Projects\Logisim\Logisim\Widgets\src\Button.cpp(19,19): warning C4267: 'argument': conversion from 'size_t' to 'unsigned int', possible loss of data
D:\Cpp\Projects\Logisim\Logisim\Widgets\src\Button.cpp(112,9): warning C4267: 'return': conversion from 'size_t' to 'int', possible loss of data
  Generating code
  Previous IPDB not found, fall back to full compilation.
  All 1194 functions were compiled because no usable IPDB/IOBJ from previous compilation was found.
  Finished generating code
  Logisim.vcxproj -> D:\Cpp\Projects\Logisim\bin\Release\Logisim.exe
  "pwsh.exe" не является внутренней или внешней
  командой, исполняемой программой или пакетным файлом.
